<?xml version="1.0" encoding="UTF-8"?>
<!-- Generated by org.testng.reporters.JUnitReportReporter -->
<testsuite hostname="LAPTOP-FCEKCN4L" failures="0" tests="1" name="tests.GmailLoginTest_TestNGDemo2" time="1.902" errors="0" timestamp="2023-07-26T21:00:45 CEST" skipped="0">
  <testcase classname="tests.GmailLoginTest_TestNGDemo2" name="gmailTest2" time="1.902"/>
  <system-out/>
</testsuite> <!-- tests.GmailLoginTest_TestNGDemo2 -->
