<?xml version="1.0" encoding="UTF-8"?>
<!-- Generated by org.testng.reporters.JUnitReportReporter -->
<testsuite hostname="LAPTOP-FCEKCN4L" failures="0" tests="1" name="tests.GmailLoginTest_TestNGDemo" time="2.236" errors="0" timestamp="2023-07-26T21:01:35 CEST" skipped="0">
  <testcase classname="tests.GmailLoginTest_TestNGDemo" name="gmailTest" time="2.236"/>
  <system-out/>
</testsuite> <!-- tests.GmailLoginTest_TestNGDemo -->
