<?xml version="1.0" encoding="UTF-8"?>
<!-- Generated by org.testng.reporters.JUnitReportReporter -->
<testsuite hostname="LAPTOP-FCEKCN4L" failures="0" tests="1" name="listeners.TestNGListenerDemo" time="0.010" errors="0" timestamp="2023-07-27T23:13:09 CEST" skipped="0">
  <testcase classname="listeners.TestNGListenerDemo" name="test3" time="0.010"/>
  <system-out/>
</testsuite> <!-- listeners.TestNGListenerDemo -->
